2019-12-26 23:44:26.850  INFO 7384 --- [main] c.s.w.member.service.MemberServiceTest   : Starting MemberServiceTest on DESKTOP-SPAOFOI with PID 7384 (started by ssw89 in G:\Workspace_STS\TodoApi)
2019-12-26 23:44:26.855 DEBUG 7384 --- [main] c.s.w.member.service.MemberServiceTest   : Running with Spring Boot v2.1.0.RELEASE, Spring v5.1.2.RELEASE
2019-12-26 23:44:26.857  INFO 7384 --- [main] c.s.w.member.service.MemberServiceTest   : The following profiles are active: test
2019-12-26 23:44:26.884 DEBUG 7384 --- [main] o.s.w.c.s.GenericWebApplicationContext   : Refreshing org.springframework.web.context.support.GenericWebApplicationContext@303e3593
2019-12-26 23:44:27.933  INFO 7384 --- [main] .s.d.r.c.RepositoryConfigurationDelegate : Bootstrapping Spring Data repositories in DEFAULT mode.
2019-12-26 23:44:28.026  INFO 7384 --- [main] .s.d.r.c.RepositoryConfigurationDelegate : Finished Spring Data repository scanning in 87ms. Found 2 repository interfaces.
2019-12-26 23:44:28.510  INFO 7384 --- [main] trationDelegate$BeanPostProcessorChecker : Bean 'org.springframework.transaction.annotation.ProxyTransactionManagementConfiguration' of type [org.springframework.transaction.annotation.ProxyTransactionManagementConfiguration$$EnhancerBySpringCGLIB$$6ddfd5f4] is not eligible for getting processed by all BeanPostProcessors (for example: not eligible for auto-proxying)
2019-12-26 23:44:28.568  INFO 7384 --- [main] trationDelegate$BeanPostProcessorChecker : Bean 'org.springframework.hateoas.config.HateoasConfiguration' of type [org.springframework.hateoas.config.HateoasConfiguration$$EnhancerBySpringCGLIB$$ed602326] is not eligible for getting processed by all BeanPostProcessors (for example: not eligible for auto-proxying)
2019-12-26 23:44:28.774  INFO 7384 --- [main] com.zaxxer.hikari.HikariDataSource       : HikariPool-1 - Starting...
2019-12-26 23:44:28.909  INFO 7384 --- [main] com.zaxxer.hikari.HikariDataSource       : HikariPool-1 - Start completed.
2019-12-26 23:44:29.003  INFO 7384 --- [main] o.hibernate.jpa.internal.util.LogHelper  : HHH000204: Processing PersistenceUnitInfo [
	name: default
	...]
2019-12-26 23:44:29.089  INFO 7384 --- [main] org.hibernate.Version                    : HHH000412: Hibernate Core {5.3.7.Final}
2019-12-26 23:44:29.091  INFO 7384 --- [main] org.hibernate.cfg.Environment            : HHH000206: hibernate.properties not found
2019-12-26 23:44:29.244  INFO 7384 --- [main] o.hibernate.annotations.common.Version   : HCANN000001: Hibernate Commons Annotations {5.0.4.Final}
2019-12-26 23:44:29.543  INFO 7384 --- [main] org.hibernate.dialect.Dialect            : HHH000400: Using dialect: org.hibernate.dialect.H2Dialect
2019-12-26 23:44:30.163 DEBUG 7384 --- [main] org.hibernate.SQL                        : 
    
    create table member (
       id bigint generated by default as identity,
        dt_frt timestamp,
        dt_lst timestamp,
        mem_id varchar(30),
        mem_pw varchar(30),
        nm_name varchar(255),
        primary key (id)
    )
2019-12-26 23:44:30.171 DEBUG 7384 --- [main] org.hibernate.SQL                        : 
    
    create table to_do_item (
       id bigint generated by default as identity,
        dt_frt timestamp,
        dt_lst timestamp,
        done boolean,
        title varchar(30),
        primary key (id)
    )
2019-12-26 23:44:30.174  INFO 7384 --- [main] j.LocalContainerEntityManagerFactoryBean : Initialized JPA EntityManagerFactory for persistence unit 'default'
2019-12-26 23:44:31.068  WARN 7384 --- [main] aWebConfiguration$JpaWebMvcConfiguration : spring.jpa.open-in-view is enabled by default. Therefore, database queries may be performed during view rendering. Explicitly configure spring.jpa.open-in-view to disable this warning
2019-12-26 23:44:31.149 DEBUG 7384 --- [main] s.w.s.m.m.a.RequestMappingHandlerMapping : 15 mappings in 'requestMappingHandlerMapping'
2019-12-26 23:44:31.588  INFO 7384 --- [main] pertySourcedRequestMappingHandlerMapping : Mapped URL path [/v2/api-docs] onto method [public org.springframework.http.ResponseEntity<springfox.documentation.spring.web.json.Json> springfox.documentation.swagger2.web.Swagger2Controller.getDocumentation(java.lang.String,javax.servlet.http.HttpServletRequest)]
2019-12-26 23:44:31.727 DEBUG 7384 --- [main] s.w.s.m.m.a.RequestMappingHandlerAdapter : ControllerAdvice beans: 0 @ModelAttribute, 0 @InitBinder, 1 RequestBodyAdvice, 1, ResponseBodyAdvice
2019-12-26 23:44:31.773 DEBUG 7384 --- [main] .m.m.a.ExceptionHandlerExceptionResolver : ControllerAdvice beans: 1 @ExceptionHandler, 1 ResponseBodyAdvice
2019-12-26 23:44:32.494  INFO 7384 --- [main] d.s.w.p.DocumentationPluginsBootstrapper : Context refreshed
2019-12-26 23:44:32.518  INFO 7384 --- [main] d.s.w.p.DocumentationPluginsBootstrapper : Found 1 custom documentation plugin(s)
2019-12-26 23:44:32.545  INFO 7384 --- [main] s.d.s.w.s.ApiListingReferenceScanner     : Scanning for api listing references
2019-12-26 23:44:32.700  INFO 7384 --- [main] .d.s.w.r.o.CachingOperationNameGenerator : Generating unique operation named: saveUsingPOST_1
2019-12-26 23:44:32.726  INFO 7384 --- [main] c.s.w.member.service.MemberServiceTest   : Started MemberServiceTest in 6.279 seconds (JVM running for 7.306)
2019-12-26 23:44:32.731 DEBUG 7384 --- [main] com.song.runner.DatabaseRunner           : DataSource Bean 구현체 com.zaxxer.hikari.HikariDataSource
2019-12-26 23:44:32.732 DEBUG 7384 --- [main] com.song.runner.DatabaseRunner           : url : jdbc:h2:mem:testdb
2019-12-26 23:44:32.732 DEBUG 7384 --- [main] com.song.runner.DatabaseRunner           : username : SA
2019-12-26 23:44:32.733 DEBUG 7384 --- [main] com.song.runner.PropRunner               : 현재 설정 : 테스트 환경(test)
2019-12-26 23:44:32.733 DEBUG 7384 --- [main] com.song.runner.PropRunner               : 현재 profile : test
2019-12-26 23:44:32.733 DEBUG 7384 --- [main] com.song.runner.PropRunner               : 현재 port : -1
2019-12-26 23:44:32.733 DEBUG 7384 --- [main] com.song.runner.PropRunner               : ==============업체 정보===============
2019-12-26 23:44:32.733 DEBUG 7384 --- [main] com.song.runner.PropRunner               : 업체명 : test
2019-12-26 23:44:32.734 DEBUG 7384 --- [main] com.song.runner.PropRunner               : 업체 전화번호 : 02-123-1234
2019-12-26 23:44:32.734 DEBUG 7384 --- [main] com.song.runner.PropRunner               : 업체 주소 : testAddr
2019-12-26 23:44:32.866 DEBUG 7384 --- [Thread-2] o.s.w.c.s.GenericWebApplicationContext   : Closing org.springframework.web.context.support.GenericWebApplicationContext@303e3593, started on Thu Dec 26 23:44:26 KST 2019
2019-12-26 23:44:32.871  INFO 7384 --- [Thread-2] j.LocalContainerEntityManagerFactoryBean : Closing JPA EntityManagerFactory for persistence unit 'default'
2019-12-26 23:44:32.875  INFO 7384 --- [Thread-2] o.s.b.f.support.DisposableBeanAdapter    : Invocation of destroy method failed on bean with name 'inMemoryDatabaseShutdownExecutor': org.h2.jdbc.JdbcSQLException: Database is already closed (to disable automatic closing at VM shutdown, add ";DB_CLOSE_ON_EXIT=FALSE" to the db URL) [90121-197]
2019-12-26 23:44:32.876  INFO 7384 --- [Thread-2] com.zaxxer.hikari.HikariDataSource       : HikariPool-1 - Shutdown initiated...
2019-12-26 23:44:32.881  INFO 7384 --- [Thread-2] com.zaxxer.hikari.HikariDataSource       : HikariPool-1 - Shutdown completed.
